event: init
data: {}

event: new
data: {
  "video_id": "BKm45Az02YE",
  "status": "pending",
  "error": "",
  "job_progress": {
    "VideoMeta": null,
    "percentage_string": "",
    "had_captions": false,
    "transcription_chunks": 0,
    "transcription_chunks_transcribed": 0,
    "summary_chunks": 0,
    "summary_chunks_transcribed": 0
  }
}

event: update
data: {
  "video_id": "BKm45Az02YE",
  "status": "checking_for_captions",
  "error": "",
  "job_progress": {
    "VideoMeta": null,
    "percentage_string": "",
    "had_captions": false,
    "transcription_chunks": 0,
    "transcription_chunks_transcribed": 0,
    "summary_chunks": 0,
    "summary_chunks_transcribed": 0
  }
}

event: update
data: {
  "video_id": "BKm45Az02YE",
  "status": "downloading_audio",
  "error": "",
  "job_progress": {
    "VideoMeta": null,
    "percentage_string": "",
    "had_captions": false,
    "transcription_chunks": 0,
    "transcription_chunks_transcribed": 0,
    "summary_chunks": 0,
    "summary_chunks_transcribed": 0
  }
}

event: update
data: {
  "video_id": "BKm45Az02YE",
  "status": "downloading_audio",
  "error": "",
  "job_progress": {
    "VideoMeta": null,
    "percentage_string": "0.01%",
    "had_captions": false,
    "transcription_chunks": 0,
    "transcription_chunks_transcribed": 0,
    "summary_chunks": 0,
    "summary_chunks_transcribed": 0
  }
}

event: update
data: {
  "video_id": "BKm45Az02YE",
  "status": "downloading_audio",
  "error": "",
  "job_progress": {
    "VideoMeta": null,
    "percentage_string": "23.89%",
    "had_captions": false,
    "transcription_chunks": 0,
    "transcription_chunks_transcribed": 0,
    "summary_chunks": 0,
    "summary_chunks_transcribed": 0
  }
}

event: update
data: {
  "video_id": "BKm45Az02YE",
  "status": "downloading_audio",
  "error": "",
  "job_progress": {
    "VideoMeta": null,
    "percentage_string": "100.00%",
    "had_captions": false,
    "transcription_chunks": 0,
    "transcription_chunks_transcribed": 0,
    "summary_chunks": 0,
    "summary_chunks_transcribed": 0
  }
}

event: update
data: {
  "video_id": "BKm45Az02YE",
  "status": "extracting_audio",
  "error": "",
  "job_progress": {
    "VideoMeta": null,
    "percentage_string": "100.00%",
    "had_captions": false,
    "transcription_chunks": 0,
    "transcription_chunks_transcribed": 0,
    "summary_chunks": 0,
    "summary_chunks_transcribed": 0
  }
}

event: update
data: {
  "video_id": "BKm45Az02YE",
  "status": "chunking",
  "error": "",
  "job_progress": {
    "VideoMeta": null,
    "percentage_string": "100.00%",
    "had_captions": false,
    "transcription_chunks": 0,
    "transcription_chunks_transcribed": 0,
    "summary_chunks": 0,
    "summary_chunks_transcribed": 0
  }
}

event: update
data: {
  "video_id": "BKm45Az02YE",
  "status": "transcribing",
  "error": "",
  "job_progress": {
    "VideoMeta": null,
    "percentage_string": "100.00%",
    "had_captions": false,
    "transcription_chunks": 1,
    "transcription_chunks_transcribed": 0,
    "summary_chunks": 0,
    "summary_chunks_transcribed": 0
  }
}

event: update
data: {
  "video_id": "BKm45Az02YE",
  "status": "transcribing",
  "error": "",
  "job_progress": {
    "VideoMeta": null,
    "percentage_string": "100.00%",
    "had_captions": false,
    "transcription_chunks": 1,
    "transcription_chunks_transcribed": 1,
    "summary_chunks": 0,
    "summary_chunks_transcribed": 0
  }
}

event: update
data: {
  "video_id": "BKm45Az02YE",
  "status": "summarizing",
  "error": "",
  "job_progress": {
    "VideoMeta": null,
    "percentage_string": "100.00%",
    "had_captions": false,
    "transcription_chunks": 1,
    "transcription_chunks_transcribed": 1,
    "summary_chunks": 0,
    "summary_chunks_transcribed": 0
  }
}

event: update
data: {
  "video_id": "BKm45Az02YE",
  "status": "summarizing",
  "error": "",
  "job_progress": {
    "VideoMeta": null,
    "percentage_string": "100.00%",
    "had_captions": false,
    "transcription_chunks": 1,
    "transcription_chunks_transcribed": 1,
    "summary_chunks": 1,
    "summary_chunks_transcribed": 0
  }
}

event: update
data: {
  "video_id": "BKm45Az02YE",
  "status": "summarizing",
  "error": "",
  "job_progress": {
    "VideoMeta": null,
    "percentage_string": "100.00%",
    "had_captions": false,
    "transcription_chunks": 1,
    "transcription_chunks_transcribed": 1,
    "summary_chunks": 1,
    "summary_chunks_transcribed": 1
  }
}

event: update
data: {
  "video_id": "BKm45Az02YE",
  "status": "finished",
  "error": "",
  "job_progress": {
    "VideoMeta": null,
    "percentage_string": "100.00%",
    "had_captions": false,
    "transcription_chunks": 1,
    "transcription_chunks_transcribed": 1,
    "summary_chunks": 1,
    "summary_chunks_transcribed": 1
  }
}

